
RAxML-NG v. 1.2.2 released on 11.04.2024 by The Exelixis Lab.
Developed by: Alexey M. Kozlov and Alexandros Stamatakis.
Contributors: Diego Darriba, Tomas Flouri, Benoit Morel, Sarah Lutteropp, Ben Bettisworth, Julia Haag, Anastasis Togkousidis.
Latest version: https://github.com/amkozlov/raxml-ng
Questions/problems/suggestions? Please visit: https://groups.google.com/forum/#!forum/raxml

System: Intel(R) Xeon(R) CPU E5-2680 v4 @ 2.40GHz, 28 cores, 503 GB RAM

RAxML-NG was called at 21-Jun-2024 13:24:50 as follows:

raxml-ng --all -msa ABI.trimal.fa --model JTT+I+G4 --data-type AA --tree pars{10} --bs-trees 100 --threads 15

Analysis options:
  run mode: ML tree search + bootstrapping (Felsenstein Bootstrap)
  start tree(s): parsimony (10)
  bootstrap replicates: parsimony (100)
  random seed: 1718969090
  tip-inner: OFF
  pattern compression: ON
  per-rate scalers: OFF
  site repeats: ON
  logLH epsilon: general: 10.000000, brlen-triplet: 1000.000000
  fast spr radius: AUTO
  spr subtree cutoff: 1.000000
  fast CLV updates: ON
  branch lengths: proportional (ML estimate, algorithm: NR-FAST)
  SIMD kernels: AVX2
  parallelization: coarse-grained (auto), PTHREADS (15 threads), thread pinning: OFF

[00:00:00] Reading alignment from file: ABI.trimal.fa
[00:00:00] Loaded alignment with 224 taxa and 479 sites

WARNING: Sequences g1295.Achr and g1393.Game are exactly identical!
WARNING: Sequences g1295.Achr and g195.Rpen are exactly identical!
WARNING: Sequences g47.Dbic and g126.Sscr are exactly identical!
WARNING: Sequences g75.Hsap and g1057.Ppyg are exactly identical!
WARNING: Sequences g1183.Hsap and g893.Ppyg are exactly identical!
WARNING: Duplicate sequences found: 5

NOTE: Reduced alignment (with duplicates and gap-only sites/taxa removed) 
NOTE: was saved to: /DATABIG/michelealbertini/ABI/Tree/ABI.trimal.fa.raxml.reduced.phy

Alignment comprises 1 partitions and 479 patterns

Partition 0: noname
Model: JTT+I+G4m
Alignment sites / patterns: 479 / 479
Gaps: 17.68 %
Invariant sites: 0.42 %


NOTE: Binary MSA file created: ABI.trimal.fa.raxml.rba

Parallelization scheme autoconfig: 5 worker(s) x 3 thread(s)

[00:00:00] Generating 10 parsimony starting tree(s) with 224 taxa
Parallel parsimony with 15 threads
Parallel reduction/worker buffer size: 1 KB  / 0 KB

[00:00:00] Data distribution: max. partitions/sites/weight per thread: 1 / 160 / 12800
[00:00:00] Data distribution: max. searches per worker: 22

Starting ML tree search with 10 distinct starting trees

[00:02:41] [worker #4] ML tree search #5, logLikelihood: -48026.960986
[00:02:45] [worker #1] ML tree search #2, logLikelihood: -48026.340563
[00:02:45] [worker #2] ML tree search #3, logLikelihood: -48025.442131
[00:02:50] [worker #3] ML tree search #4, logLikelihood: -48030.191840
[00:02:51] [worker #0] ML tree search #1, logLikelihood: -48029.402944
[00:05:11] [worker #1] ML tree search #7, logLikelihood: -48025.558514
[00:05:19] [worker #4] ML tree search #10, logLikelihood: -48030.742338
[00:05:27] [worker #3] ML tree search #9, logLikelihood: -48037.265187
[00:05:27] [worker #2] ML tree search #8, logLikelihood: -48029.705706
[00:05:30] [worker #0] ML tree search #6, logLikelihood: -48030.169071

[00:05:30] ML tree search completed, best tree logLH: -48025.442131

[00:05:30] Starting bootstrapping analysis with 100 replicates.

[00:07:10] [worker #0] Bootstrap tree #1, logLikelihood: -50113.465585
[00:07:13] [worker #2] Bootstrap tree #3, logLikelihood: -47418.037061
[00:07:14] [worker #3] Bootstrap tree #4, logLikelihood: -46495.491892
[00:07:15] [worker #4] Bootstrap tree #5, logLikelihood: -46545.731934
[00:07:18] [worker #1] Bootstrap tree #2, logLikelihood: -47090.435882
[00:09:01] [worker #4] Bootstrap tree #10, logLikelihood: -46056.274698
[00:09:01] [worker #0] Bootstrap tree #6, logLikelihood: -47367.238916
[00:09:04] [worker #1] Bootstrap tree #7, logLikelihood: -49435.377337
[00:09:06] [worker #3] Bootstrap tree #9, logLikelihood: -45283.640951
[00:09:10] [worker #2] Bootstrap tree #8, logLikelihood: -46822.648484
[00:10:43] [worker #3] Bootstrap tree #14, logLikelihood: -45205.836147
[00:10:49] [worker #4] Bootstrap tree #15, logLikelihood: -48428.906133
[00:10:50] [worker #1] Bootstrap tree #12, logLikelihood: -48126.605436
[00:10:55] [worker #0] Bootstrap tree #11, logLikelihood: -50519.452795
[00:10:55] [worker #2] Bootstrap tree #13, logLikelihood: -46617.214477
[00:12:27] [worker #1] Bootstrap tree #17, logLikelihood: -47167.075375
[00:12:32] [worker #3] Bootstrap tree #19, logLikelihood: -48366.991601
[00:12:37] [worker #2] Bootstrap tree #18, logLikelihood: -47587.635879
[00:12:42] [worker #4] Bootstrap tree #20, logLikelihood: -47728.814175
[00:12:50] [worker #0] Bootstrap tree #16, logLikelihood: -48845.801800
[00:14:20] [worker #2] Bootstrap tree #23, logLikelihood: -47854.137066
[00:14:20] [worker #3] Bootstrap tree #24, logLikelihood: -48155.662687
[00:14:22] [worker #1] Bootstrap tree #22, logLikelihood: -49406.806737
[00:14:31] [worker #4] Bootstrap tree #25, logLikelihood: -46499.128180
[00:14:31] [worker #0] Bootstrap tree #21, logLikelihood: -48935.377494
[00:16:10] [worker #1] Bootstrap tree #27, logLikelihood: -47085.790194
[00:16:11] [worker #2] Bootstrap tree #28, logLikelihood: -47914.177439
[00:16:14] [worker #3] Bootstrap tree #29, logLikelihood: -47020.625988
[00:16:16] [worker #0] Bootstrap tree #26, logLikelihood: -47048.822678
[00:16:18] [worker #4] Bootstrap tree #30, logLikelihood: -46997.252424
[00:17:52] [worker #0] Bootstrap tree #31, logLikelihood: -49640.091620
[00:17:56] [worker #2] Bootstrap tree #33, logLikelihood: -48448.193526
[00:17:57] [worker #3] Bootstrap tree #34, logLikelihood: -48247.751080
[00:18:02] [worker #1] Bootstrap tree #32, logLikelihood: -48455.210565
[00:18:10] [worker #4] Bootstrap tree #35, logLikelihood: -50389.620529
[00:19:38] [worker #0] Bootstrap tree #36, logLikelihood: -48665.120228
[00:19:44] [worker #3] Bootstrap tree #39, logLikelihood: -50675.081714
[00:19:45] [worker #2] Bootstrap tree #38, logLikelihood: -47041.312869
[00:19:53] [worker #1] Bootstrap tree #37, logLikelihood: -44838.836887
[00:20:01] [worker #4] Bootstrap tree #40, logLikelihood: -46714.571217
[00:21:28] [worker #2] Bootstrap tree #43, logLikelihood: -46836.532701
[00:21:30] [worker #0] Bootstrap tree #41, logLikelihood: -49810.275922
[00:21:33] [worker #3] Bootstrap tree #44, logLikelihood: -47014.475910
[00:21:47] [worker #4] Bootstrap tree #45, logLikelihood: -45961.526862
[00:21:50] [worker #1] Bootstrap tree #42, logLikelihood: -46046.836501
[00:23:04] [worker #0] Bootstrap tree #46, logLikelihood: -46659.370782
[00:23:14] [worker #2] Bootstrap tree #48, logLikelihood: -47930.248167
[00:23:20] [worker #3] Bootstrap tree #49, logLikelihood: -48331.944930
[00:23:34] [worker #1] Bootstrap tree #47, logLikelihood: -48644.770016
[00:23:36] [worker #4] Bootstrap tree #50, logLikelihood: -45958.750354
[00:25:17] [worker #1] Bootstrap tree #52, logLikelihood: -48076.535316
[00:25:23] [worker #4] Bootstrap tree #55, logLikelihood: -48502.535901
[00:25:25] [worker #0] Bootstrap tree #51, logLikelihood: -47829.761302
[00:25:26] [worker #2] Bootstrap tree #53, logLikelihood: -45041.260681
[00:25:27] [worker #3] Bootstrap tree #54, logLikelihood: -46870.985737
[00:27:03] [worker #2] Bootstrap tree #58, logLikelihood: -46194.294869
[00:27:10] [worker #1] Bootstrap tree #57, logLikelihood: -48315.950372
[00:27:10] [worker #4] Bootstrap tree #60, logLikelihood: -48925.942905
[00:27:11] [worker #0] Bootstrap tree #56, logLikelihood: -48243.853631
[00:27:22] [worker #3] Bootstrap tree #59, logLikelihood: -47254.112466
[00:28:46] [worker #2] Bootstrap tree #63, logLikelihood: -49013.915295
[00:28:59] [worker #4] Bootstrap tree #65, logLikelihood: -46922.229352
[00:29:03] [worker #1] Bootstrap tree #62, logLikelihood: -47641.841740
[00:29:04] [worker #0] Bootstrap tree #61, logLikelihood: -46102.538341
[00:29:07] [worker #3] Bootstrap tree #64, logLikelihood: -47759.142250
[00:30:28] [worker #2] Bootstrap tree #68, logLikelihood: -48375.445426
[00:30:38] [worker #4] Bootstrap tree #70, logLikelihood: -47330.834077
[00:30:52] [worker #3] Bootstrap tree #69, logLikelihood: -47547.446911
[00:30:58] [worker #1] Bootstrap tree #67, logLikelihood: -47644.078589
[00:31:00] [worker #0] Bootstrap tree #66, logLikelihood: -48844.597084
[00:32:14] [worker #2] Bootstrap tree #73, logLikelihood: -49286.045079
[00:32:25] [worker #4] Bootstrap tree #75, logLikelihood: -45855.077186
[00:32:34] [worker #3] Bootstrap tree #74, logLikelihood: -47026.718946
[00:32:49] [worker #0] Bootstrap tree #71, logLikelihood: -47421.427133
[00:32:50] [worker #1] Bootstrap tree #72, logLikelihood: -46491.663085
[00:34:00] [worker #2] Bootstrap tree #78, logLikelihood: -44312.832456
[00:34:21] [worker #4] Bootstrap tree #80, logLikelihood: -47112.475395
[00:34:30] [worker #3] Bootstrap tree #79, logLikelihood: -50014.173149
[00:34:36] [worker #0] Bootstrap tree #76, logLikelihood: -46807.138850
[00:34:38] [worker #1] Bootstrap tree #77, logLikelihood: -47716.814149
[00:35:46] [worker #2] Bootstrap tree #83, logLikelihood: -48194.318019
[00:36:10] [worker #4] Bootstrap tree #85, logLikelihood: -47383.824850
[00:36:23] [worker #3] Bootstrap tree #84, logLikelihood: -48511.904683
[00:36:23] [worker #0] Bootstrap tree #81, logLikelihood: -45807.402503
[00:36:23] [worker #1] Bootstrap tree #82, logLikelihood: -49457.714378
[00:37:34] [worker #2] Bootstrap tree #88, logLikelihood: -46383.302220
[00:38:01] [worker #4] Bootstrap tree #90, logLikelihood: -48228.629279
[00:38:10] [worker #3] Bootstrap tree #89, logLikelihood: -48931.789288
[00:38:17] [worker #1] Bootstrap tree #87, logLikelihood: -47542.196477
[00:38:19] [worker #0] Bootstrap tree #86, logLikelihood: -49181.112690
[00:39:19] [worker #2] Bootstrap tree #93, logLikelihood: -47742.607331
[00:39:44] [worker #4] Bootstrap tree #95, logLikelihood: -48580.601437
[00:39:50] [worker #3] Bootstrap tree #94, logLikelihood: -46805.310928
[00:39:59] [worker #0] Bootstrap tree #91, logLikelihood: -47263.028377
[00:40:06] [worker #1] Bootstrap tree #92, logLikelihood: -47000.449997
[00:41:06] [worker #2] Bootstrap tree #98, logLikelihood: -46865.908004
[00:41:34] [worker #3] Bootstrap tree #99, logLikelihood: -46474.841332
[00:41:40] [worker #4] Bootstrap tree #100, logLikelihood: -46896.626055
[00:41:46] [worker #0] Bootstrap tree #96, logLikelihood: -48645.735530
[00:41:57] [worker #1] Bootstrap tree #97, logLikelihood: -47864.629637

Optimized model parameters:

   Partition 0: noname
   Rate heterogeneity: GAMMA (4 cats, mean),  alpha: 1.217684 (ML),  weights&rates: (0.250000,0.178243) (0.250000,0.533655) (0.250000,1.028425) (0.250000,2.259677) 
   P-inv (ML): 0.003899
   Base frequencies (model): 0.076748 0.051691 0.042645 0.051544 0.019803 0.040752 0.061830 0.073152 0.022944 0.053761 0.091904 0.058676 0.023826 0.040126 0.050901 0.068765 0.058565 0.014261 0.032102 0.066005 
   Substitution rates (model): 58.000000 54.000000 81.000000 56.000000 57.000000 105.000000 179.000000 27.000000 36.000000 30.000000 35.000000 54.000000 15.000000 194.000000 378.000000 475.000000 9.000000 11.000000 298.000000 45.000000 16.000000 113.000000 310.000000 29.000000 137.000000 328.000000 22.000000 38.000000 646.000000 44.000000 5.000000 74.000000 101.000000 64.000000 126.000000 20.000000 17.000000 528.000000 34.000000 86.000000 58.000000 81.000000 391.000000 47.000000 12.000000 263.000000 30.000000 10.000000 15.000000 503.000000 232.000000 8.000000 70.000000 16.000000 10.000000 49.000000 767.000000 130.000000 112.000000 11.000000 7.000000 26.000000 15.000000 4.000000 15.000000 59.000000 38.000000 4.000000 46.000000 31.000000 9.000000 5.000000 59.000000 69.000000 17.000000 23.000000 7.000000 31.000000 78.000000 14.000000 223.000000 42.000000 115.000000 209.000000 62.000000 323.000000 26.000000 597.000000 9.000000 72.000000 292.000000 43.000000 4.000000 164.000000 53.000000 51.000000 18.000000 24.000000 20.000000 119.000000 26.000000 12.000000 9.000000 181.000000 18.000000 5.000000 18.000000 30.000000 32.000000 10.000000 7.000000 45.000000 23.000000 6.000000 6.000000 27.000000 14.000000 5.000000 24.000000 201.000000 33.000000 55.000000 8.000000 47.000000 16.000000 56.000000 45.000000 33.000000 40.000000 115.000000 73.000000 46.000000 8.000000 573.000000 11.000000 229.000000 21.000000 479.000000 89.000000 10.000000 40.000000 245.000000 9.000000 32.000000 961.000000 14.000000 388.000000 248.000000 102.000000 59.000000 25.000000 52.000000 24.000000 180.000000 65.000000 4.000000 21.000000 47.000000 103.000000 10.000000 8.000000 14.000000 43.000000 16.000000 29.000000 226.000000 24.000000 18.000000 323.000000 17.000000 92.000000 12.000000 53.000000 536.000000 62.000000 285.000000 118.000000 6.000000 10.000000 23.000000 477.000000 35.000000 63.000000 38.000000 12.000000 21.000000 112.000000 71.000000 25.000000 16.000000 


Final LogLikelihood: -48025.442131

AIC score: 96944.884262 / AICc score: 109864.626198 / BIC score: 98809.634429
Free parameters (model + branch lengths): 447

WARNING: Best ML tree contains 32 near-zero branches!

Best ML tree with collapsed near-zero branches saved to: /DATABIG/michelealbertini/ABI/Tree/ABI.trimal.fa.raxml.bestTreeCollapsed
Best ML tree saved to: /DATABIG/michelealbertini/ABI/Tree/ABI.trimal.fa.raxml.bestTree
All ML trees saved to: /DATABIG/michelealbertini/ABI/Tree/ABI.trimal.fa.raxml.mlTrees
Best ML tree with Felsenstein bootstrap (FBP) support values saved to: /DATABIG/michelealbertini/ABI/Tree/ABI.trimal.fa.raxml.support
Optimized model saved to: /DATABIG/michelealbertini/ABI/Tree/ABI.trimal.fa.raxml.bestModel
Bootstrap trees saved to: /DATABIG/michelealbertini/ABI/Tree/ABI.trimal.fa.raxml.bootstraps

Execution log saved to: /DATABIG/michelealbertini/ABI/Tree/ABI.trimal.fa.raxml.log

Analysis started: 21-Jun-2024 13:24:50 / finished: 21-Jun-2024 14:06:48

Elapsed time: 2517.709 seconds

